2018-10-11 00:51:38.039  INFO 62391 --- [cluster-ClusterId{value='5bbe2a2ddaf8b9f3b78b8495', description='null'}-mongoarb-hxvm-024.ebi.ac.uk:27017] org.mongodb.driver.cluster               : Exception in monitor thread while connecting to server mongoarb-hxvm-024.ebi.ac.uk:27017

com.mongodb.MongoSocketException: mongoarb-hxvm-024.ebi.ac.uk: unknown error
	at com.mongodb.ServerAddress.getSocketAddress(ServerAddress.java:188) ~[mongodb-driver-core-3.6.3.jar:na]
	at com.mongodb.connection.SocketStreamHelper.initialize(SocketStreamHelper.java:59) ~[mongodb-driver-core-3.6.3.jar:na]
	at com.mongodb.connection.SocketStream.open(SocketStream.java:57) ~[mongodb-driver-core-3.6.3.jar:na]
	at com.mongodb.connection.InternalStreamConnection.open(InternalStreamConnection.java:126) ~[mongodb-driver-core-3.6.3.jar:na]
	at com.mongodb.connection.DefaultServerMonitor$ServerMonitorRunnable.run(DefaultServerMonitor.java:114) ~[mongodb-driver-core-3.6.3.jar:na]
	at java.lang.Thread.run(Thread.java:745) [na:1.8.0_65]
Caused by: java.net.UnknownHostException: mongoarb-hxvm-024.ebi.ac.uk: unknown error
	at java.net.Inet6AddressImpl.lookupAllHostAddr(Native Method) ~[na:1.8.0_65]
	at java.net.InetAddress$2.lookupAllHostAddr(InetAddress.java:928) ~[na:1.8.0_65]
	at java.net.InetAddress.getAddressesFromNameService(InetAddress.java:1323) ~[na:1.8.0_65]
	at java.net.InetAddress.getAllByName0(InetAddress.java:1276) ~[na:1.8.0_65]
	at java.net.InetAddress.getAllByName(InetAddress.java:1192) ~[na:1.8.0_65]
	at java.net.InetAddress.getAllByName(InetAddress.java:1126) ~[na:1.8.0_65]
	at java.net.InetAddress.getByName(InetAddress.java:1076) ~[na:1.8.0_65]
	at com.mongodb.ServerAddress.getSocketAddress(ServerAddress.java:186) ~[mongodb-driver-core-3.6.3.jar:na]
	... 5 common frames omitted

2018-10-11 06:36:49.139  INFO 62391 --- [cluster-ClusterId{value='5bbe2a2ddaf8b9f3b78b8495', description='null'}-mongodb-hxvm-025.ebi.ac.uk:27017] org.mongodb.driver.cluster               : Exception in monitor thread while connecting to server mongodb-hxvm-025.ebi.ac.uk:27017

com.mongodb.MongoSocketException: mongodb-hxvm-025.ebi.ac.uk: unknown error
	at com.mongodb.ServerAddress.getSocketAddress(ServerAddress.java:188) ~[mongodb-driver-core-3.6.3.jar:na]
	at com.mongodb.connection.SocketStreamHelper.initialize(SocketStreamHelper.java:59) ~[mongodb-driver-core-3.6.3.jar:na]
	at com.mongodb.connection.SocketStream.open(SocketStream.java:57) ~[mongodb-driver-core-3.6.3.jar:na]
	at com.mongodb.connection.InternalStreamConnection.open(InternalStreamConnection.java:126) ~[mongodb-driver-core-3.6.3.jar:na]
	at com.mongodb.connection.DefaultServerMonitor$ServerMonitorRunnable.run(DefaultServerMonitor.java:114) ~[mongodb-driver-core-3.6.3.jar:na]
	at java.lang.Thread.run(Thread.java:745) [na:1.8.0_65]
Caused by: java.net.UnknownHostException: mongodb-hxvm-025.ebi.ac.uk: unknown error
	at java.net.Inet6AddressImpl.lookupAllHostAddr(Native Method) ~[na:1.8.0_65]
	at java.net.InetAddress$2.lookupAllHostAddr(InetAddress.java:928) ~[na:1.8.0_65]
	at java.net.InetAddress.getAddressesFromNameService(InetAddress.java:1323) ~[na:1.8.0_65]
	at java.net.InetAddress.getAllByName0(InetAddress.java:1276) ~[na:1.8.0_65]
	at java.net.InetAddress.getAllByName(InetAddress.java:1192) ~[na:1.8.0_65]
	at java.net.InetAddress.getAllByName(InetAddress.java:1126) ~[na:1.8.0_65]
	at java.net.InetAddress.getByName(InetAddress.java:1076) ~[na:1.8.0_65]
	at com.mongodb.ServerAddress.getSocketAddress(ServerAddress.java:186) ~[mongodb-driver-core-3.6.3.jar:na]
	... 5 common frames omitted

2018-10-11 06:36:49.130  INFO 62391 --- [cluster-ClusterId{value='5bbe2a2ddaf8b9f3b78b8495', description='null'}-mongodb-hhvm-024.ebi.ac.uk:27017] org.mongodb.driver.cluster               : Exception in monitor thread while connecting to server mongodb-hhvm-024.ebi.ac.uk:27017

com.mongodb.MongoSocketException: mongodb-hhvm-024.ebi.ac.uk: unknown error
	at com.mongodb.ServerAddress.getSocketAddress(ServerAddress.java:188) ~[mongodb-driver-core-3.6.3.jar:na]
	at com.mongodb.connection.SocketStreamHelper.initialize(SocketStreamHelper.java:59) ~[mongodb-driver-core-3.6.3.jar:na]
	at com.mongodb.connection.SocketStream.open(SocketStream.java:57) ~[mongodb-driver-core-3.6.3.jar:na]
	at com.mongodb.connection.InternalStreamConnection.open(InternalStreamConnection.java:126) ~[mongodb-driver-core-3.6.3.jar:na]
	at com.mongodb.connection.DefaultServerMonitor$ServerMonitorRunnable.run(DefaultServerMonitor.java:114) ~[mongodb-driver-core-3.6.3.jar:na]
	at java.lang.Thread.run(Thread.java:745) [na:1.8.0_65]
Caused by: java.net.UnknownHostException: mongodb-hhvm-024.ebi.ac.uk: unknown error
	at java.net.Inet6AddressImpl.lookupAllHostAddr(Native Method) ~[na:1.8.0_65]
	at java.net.InetAddress$2.lookupAllHostAddr(InetAddress.java:928) ~[na:1.8.0_65]
	at java.net.InetAddress.getAddressesFromNameService(InetAddress.java:1323) ~[na:1.8.0_65]
	at java.net.InetAddress.getAllByName0(InetAddress.java:1276) ~[na:1.8.0_65]
	at java.net.InetAddress.getAllByName(InetAddress.java:1192) ~[na:1.8.0_65]
	at java.net.InetAddress.getAllByName(InetAddress.java:1126) ~[na:1.8.0_65]
	at java.net.InetAddress.getByName(InetAddress.java:1076) ~[na:1.8.0_65]
	at com.mongodb.ServerAddress.getSocketAddress(ServerAddress.java:186) ~[mongodb-driver-core-3.6.3.jar:na]
	... 5 common frames omitted

2018-10-11 06:37:19.127  INFO 62391 --- [cluster-ClusterId{value='5bbe2a2ddaf8b9f3b78b8495', description='null'}-mongoarb-hxvm-024.ebi.ac.uk:27017] org.mongodb.driver.cluster               : Exception in monitor thread while connecting to server mongoarb-hxvm-024.ebi.ac.uk:27017

com.mongodb.MongoSocketOpenException: Exception opening socket
	at com.mongodb.connection.SocketStream.open(SocketStream.java:62) ~[mongodb-driver-core-3.6.3.jar:na]
	at com.mongodb.connection.InternalStreamConnection.open(InternalStreamConnection.java:126) ~[mongodb-driver-core-3.6.3.jar:na]
	at com.mongodb.connection.DefaultServerMonitor$ServerMonitorRunnable.run(DefaultServerMonitor.java:114) ~[mongodb-driver-core-3.6.3.jar:na]
	at java.lang.Thread.run(Thread.java:745) [na:1.8.0_65]
Caused by: java.net.SocketTimeoutException: connect timed out
	at java.net.PlainSocketImpl.socketConnect(Native Method) ~[na:1.8.0_65]
	at java.net.AbstractPlainSocketImpl.doConnect(AbstractPlainSocketImpl.java:350) ~[na:1.8.0_65]
	at java.net.AbstractPlainSocketImpl.connectToAddress(AbstractPlainSocketImpl.java:206) ~[na:1.8.0_65]
	at java.net.AbstractPlainSocketImpl.connect(AbstractPlainSocketImpl.java:188) ~[na:1.8.0_65]
	at java.net.SocksSocketImpl.connect(SocksSocketImpl.java:392) ~[na:1.8.0_65]
	at java.net.Socket.connect(Socket.java:589) ~[na:1.8.0_65]
	at com.mongodb.connection.SocketStreamHelper.initialize(SocketStreamHelper.java:59) ~[mongodb-driver-core-3.6.3.jar:na]
	at com.mongodb.connection.SocketStream.open(SocketStream.java:57) ~[mongodb-driver-core-3.6.3.jar:na]
	... 3 common frames omitted

2018-10-11 06:37:19.304  INFO 62391 --- [cluster-ClusterId{value='5bbe2a2ddaf8b9f3b78b8495', description='null'}-mongodb-hxvm-025.ebi.ac.uk:27017] org.mongodb.driver.cluster               : Exception in monitor thread while connecting to server mongodb-hxvm-025.ebi.ac.uk:27017

com.mongodb.MongoSocketOpenException: Exception opening socket
	at com.mongodb.connection.SocketStream.open(SocketStream.java:62) ~[mongodb-driver-core-3.6.3.jar:na]
	at com.mongodb.connection.InternalStreamConnection.open(InternalStreamConnection.java:126) ~[mongodb-driver-core-3.6.3.jar:na]
	at com.mongodb.connection.DefaultServerMonitor$ServerMonitorRunnable.run(DefaultServerMonitor.java:114) ~[mongodb-driver-core-3.6.3.jar:na]
	at java.lang.Thread.run(Thread.java:745) [na:1.8.0_65]
Caused by: java.net.SocketTimeoutException: connect timed out
	at java.net.PlainSocketImpl.socketConnect(Native Method) ~[na:1.8.0_65]
	at java.net.AbstractPlainSocketImpl.doConnect(AbstractPlainSocketImpl.java:350) ~[na:1.8.0_65]
	at java.net.AbstractPlainSocketImpl.connectToAddress(AbstractPlainSocketImpl.java:206) ~[na:1.8.0_65]
	at java.net.AbstractPlainSocketImpl.connect(AbstractPlainSocketImpl.java:188) ~[na:1.8.0_65]
	at java.net.SocksSocketImpl.connect(SocksSocketImpl.java:392) ~[na:1.8.0_65]
	at java.net.Socket.connect(Socket.java:589) ~[na:1.8.0_65]
	at com.mongodb.connection.SocketStreamHelper.initialize(SocketStreamHelper.java:59) ~[mongodb-driver-core-3.6.3.jar:na]
	at com.mongodb.connection.SocketStream.open(SocketStream.java:57) ~[mongodb-driver-core-3.6.3.jar:na]
	... 3 common frames omitted

2018-10-11 06:37:19.351  INFO 62391 --- [cluster-ClusterId{value='5bbe2a2ddaf8b9f3b78b8495', description='null'}-mongodb-hhvm-024.ebi.ac.uk:27017] org.mongodb.driver.cluster               : Exception in monitor thread while connecting to server mongodb-hhvm-024.ebi.ac.uk:27017

com.mongodb.MongoSocketOpenException: Exception opening socket
	at com.mongodb.connection.SocketStream.open(SocketStream.java:62) ~[mongodb-driver-core-3.6.3.jar:na]
	at com.mongodb.connection.InternalStreamConnection.open(InternalStreamConnection.java:126) ~[mongodb-driver-core-3.6.3.jar:na]
	at com.mongodb.connection.DefaultServerMonitor$ServerMonitorRunnable.run(DefaultServerMonitor.java:114) ~[mongodb-driver-core-3.6.3.jar:na]
	at java.lang.Thread.run(Thread.java:745) [na:1.8.0_65]
Caused by: java.net.SocketTimeoutException: connect timed out
	at java.net.PlainSocketImpl.socketConnect(Native Method) ~[na:1.8.0_65]
	at java.net.AbstractPlainSocketImpl.doConnect(AbstractPlainSocketImpl.java:350) ~[na:1.8.0_65]
	at java.net.AbstractPlainSocketImpl.connectToAddress(AbstractPlainSocketImpl.java:206) ~[na:1.8.0_65]
	at java.net.AbstractPlainSocketImpl.connect(AbstractPlainSocketImpl.java:188) ~[na:1.8.0_65]
	at java.net.SocksSocketImpl.connect(SocksSocketImpl.java:392) ~[na:1.8.0_65]
	at java.net.Socket.connect(Socket.java:589) ~[na:1.8.0_65]
	at com.mongodb.connection.SocketStreamHelper.initialize(SocketStreamHelper.java:59) ~[mongodb-driver-core-3.6.3.jar:na]
	at com.mongodb.connection.SocketStream.open(SocketStream.java:57) ~[mongodb-driver-core-3.6.3.jar:na]
	... 3 common frames omitted

2018-10-11 07:22:30.687  INFO 62391 --- [cluster-ClusterId{value='5bbe2a2ddaf8b9f3b78b8495', description='null'}-mongoarb-hxvm-024.ebi.ac.uk:27017] org.mongodb.driver.cluster               : Exception in monitor thread while connecting to server mongoarb-hxvm-024.ebi.ac.uk:27017

com.mongodb.MongoSocketException: mongoarb-hxvm-024.ebi.ac.uk: unknown error
	at com.mongodb.ServerAddress.getSocketAddress(ServerAddress.java:188) ~[mongodb-driver-core-3.6.3.jar:na]
	at com.mongodb.connection.SocketStreamHelper.initialize(SocketStreamHelper.java:59) ~[mongodb-driver-core-3.6.3.jar:na]
	at com.mongodb.connection.SocketStream.open(SocketStream.java:57) ~[mongodb-driver-core-3.6.3.jar:na]
	at com.mongodb.connection.InternalStreamConnection.open(InternalStreamConnection.java:126) ~[mongodb-driver-core-3.6.3.jar:na]
	at com.mongodb.connection.DefaultServerMonitor$ServerMonitorRunnable.run(DefaultServerMonitor.java:114) ~[mongodb-driver-core-3.6.3.jar:na]
	at java.lang.Thread.run(Thread.java:745) [na:1.8.0_65]
Caused by: java.net.UnknownHostException: mongoarb-hxvm-024.ebi.ac.uk: unknown error
	at java.net.Inet6AddressImpl.lookupAllHostAddr(Native Method) ~[na:1.8.0_65]
	at java.net.InetAddress$2.lookupAllHostAddr(InetAddress.java:928) ~[na:1.8.0_65]
	at java.net.InetAddress.getAddressesFromNameService(InetAddress.java:1323) ~[na:1.8.0_65]
	at java.net.InetAddress.getAllByName0(InetAddress.java:1276) ~[na:1.8.0_65]
	at java.net.InetAddress.getAllByName(InetAddress.java:1192) ~[na:1.8.0_65]
	at java.net.InetAddress.getAllByName(InetAddress.java:1126) ~[na:1.8.0_65]
	at java.net.InetAddress.getByName(InetAddress.java:1076) ~[na:1.8.0_65]
	at com.mongodb.ServerAddress.getSocketAddress(ServerAddress.java:186) ~[mongodb-driver-core-3.6.3.jar:na]
	... 5 common frames omitted

2018-10-11 07:22:30.862  INFO 62391 --- [cluster-ClusterId{value='5bbe2a2ddaf8b9f3b78b8495', description='null'}-mongodb-hxvm-025.ebi.ac.uk:27017] org.mongodb.driver.cluster               : Exception in monitor thread while connecting to server mongodb-hxvm-025.ebi.ac.uk:27017

com.mongodb.MongoSocketException: mongodb-hxvm-025.ebi.ac.uk: unknown error
	at com.mongodb.ServerAddress.getSocketAddress(ServerAddress.java:188) ~[mongodb-driver-core-3.6.3.jar:na]
	at com.mongodb.connection.SocketStreamHelper.initialize(SocketStreamHelper.java:59) ~[mongodb-driver-core-3.6.3.jar:na]
	at com.mongodb.connection.SocketStream.open(SocketStream.java:57) ~[mongodb-driver-core-3.6.3.jar:na]
	at com.mongodb.connection.InternalStreamConnection.open(InternalStreamConnection.java:126) ~[mongodb-driver-core-3.6.3.jar:na]
	at com.mongodb.connection.DefaultServerMonitor$ServerMonitorRunnable.run(DefaultServerMonitor.java:114) ~[mongodb-driver-core-3.6.3.jar:na]
	at java.lang.Thread.run(Thread.java:745) [na:1.8.0_65]
Caused by: java.net.UnknownHostException: mongodb-hxvm-025.ebi.ac.uk: unknown error
	at java.net.Inet6AddressImpl.lookupAllHostAddr(Native Method) ~[na:1.8.0_65]
	at java.net.InetAddress$2.lookupAllHostAddr(InetAddress.java:928) ~[na:1.8.0_65]
	at java.net.InetAddress.getAddressesFromNameService(InetAddress.java:1323) ~[na:1.8.0_65]
	at java.net.InetAddress.getAllByName0(InetAddress.java:1276) ~[na:1.8.0_65]
	at java.net.InetAddress.getAllByName(InetAddress.java:1192) ~[na:1.8.0_65]
	at java.net.InetAddress.getAllByName(InetAddress.java:1126) ~[na:1.8.0_65]
	at java.net.InetAddress.getByName(InetAddress.java:1076) ~[na:1.8.0_65]
	at com.mongodb.ServerAddress.getSocketAddress(ServerAddress.java:186) ~[mongodb-driver-core-3.6.3.jar:na]
	... 5 common frames omitted

2018-10-11 07:22:30.906  INFO 62391 --- [cluster-ClusterId{value='5bbe2a2ddaf8b9f3b78b8495', description='null'}-mongodb-hhvm-024.ebi.ac.uk:27017] org.mongodb.driver.cluster               : Exception in monitor thread while connecting to server mongodb-hhvm-024.ebi.ac.uk:27017

com.mongodb.MongoSocketException: mongodb-hhvm-024.ebi.ac.uk: unknown error
	at com.mongodb.ServerAddress.getSocketAddress(ServerAddress.java:188) ~[mongodb-driver-core-3.6.3.jar:na]
	at com.mongodb.connection.SocketStreamHelper.initialize(SocketStreamHelper.java:59) ~[mongodb-driver-core-3.6.3.jar:na]
	at com.mongodb.connection.SocketStream.open(SocketStream.java:57) ~[mongodb-driver-core-3.6.3.jar:na]
	at com.mongodb.connection.InternalStreamConnection.open(InternalStreamConnection.java:126) ~[mongodb-driver-core-3.6.3.jar:na]
	at com.mongodb.connection.DefaultServerMonitor$ServerMonitorRunnable.run(DefaultServerMonitor.java:114) ~[mongodb-driver-core-3.6.3.jar:na]
	at java.lang.Thread.run(Thread.java:745) [na:1.8.0_65]
Caused by: java.net.UnknownHostException: mongodb-hhvm-024.ebi.ac.uk: unknown error
	at java.net.Inet6AddressImpl.lookupAllHostAddr(Native Method) ~[na:1.8.0_65]
	at java.net.InetAddress$2.lookupAllHostAddr(InetAddress.java:928) ~[na:1.8.0_65]
	at java.net.InetAddress.getAddressesFromNameService(InetAddress.java:1323) ~[na:1.8.0_65]
	at java.net.InetAddress.getAllByName0(InetAddress.java:1276) ~[na:1.8.0_65]
	at java.net.InetAddress.getAllByName(InetAddress.java:1192) ~[na:1.8.0_65]
	at java.net.InetAddress.getAllByName(InetAddress.java:1126) ~[na:1.8.0_65]
	at java.net.InetAddress.getByName(InetAddress.java:1076) ~[na:1.8.0_65]
	at com.mongodb.ServerAddress.getSocketAddress(ServerAddress.java:186) ~[mongodb-driver-core-3.6.3.jar:na]
	... 5 common frames omitted

2018-10-11 07:29:27.025  INFO 62391 --- [cluster-ClusterId{value='5bbe2a2ddaf8b9f3b78b8495', description='null'}-mongodb-hxvm-025.ebi.ac.uk:27017] org.mongodb.driver.cluster               : Exception in monitor thread while connecting to server mongodb-hxvm-025.ebi.ac.uk:27017

com.mongodb.MongoSocketOpenException: Exception opening socket
	at com.mongodb.connection.SocketStream.open(SocketStream.java:62) ~[mongodb-driver-core-3.6.3.jar:na]
	at com.mongodb.connection.InternalStreamConnection.open(InternalStreamConnection.java:126) ~[mongodb-driver-core-3.6.3.jar:na]
	at com.mongodb.connection.DefaultServerMonitor$ServerMonitorRunnable.run(DefaultServerMonitor.java:114) ~[mongodb-driver-core-3.6.3.jar:na]
	at java.lang.Thread.run(Thread.java:745) [na:1.8.0_65]
Caused by: java.net.ConnectException: Connection refused
	at java.net.PlainSocketImpl.socketConnect(Native Method) ~[na:1.8.0_65]
	at java.net.AbstractPlainSocketImpl.doConnect(AbstractPlainSocketImpl.java:350) ~[na:1.8.0_65]
	at java.net.AbstractPlainSocketImpl.connectToAddress(AbstractPlainSocketImpl.java:206) ~[na:1.8.0_65]
	at java.net.AbstractPlainSocketImpl.connect(AbstractPlainSocketImpl.java:188) ~[na:1.8.0_65]
	at java.net.SocksSocketImpl.connect(SocksSocketImpl.java:392) ~[na:1.8.0_65]
	at java.net.Socket.connect(Socket.java:589) ~[na:1.8.0_65]
	at com.mongodb.connection.SocketStreamHelper.initialize(SocketStreamHelper.java:59) ~[mongodb-driver-core-3.6.3.jar:na]
	at com.mongodb.connection.SocketStream.open(SocketStream.java:57) ~[mongodb-driver-core-3.6.3.jar:na]
	... 3 common frames omitted

2018-10-11 07:29:32.032  INFO 62391 --- [cluster-ClusterId{value='5bbe2a2ddaf8b9f3b78b8495', description='null'}-mongoarb-hxvm-024.ebi.ac.uk:27017] org.mongodb.driver.cluster               : Exception in monitor thread while connecting to server mongoarb-hxvm-024.ebi.ac.uk:27017

com.mongodb.MongoSocketOpenException: Exception opening socket
	at com.mongodb.connection.SocketStream.open(SocketStream.java:62) ~[mongodb-driver-core-3.6.3.jar:na]
	at com.mongodb.connection.InternalStreamConnection.open(InternalStreamConnection.java:126) ~[mongodb-driver-core-3.6.3.jar:na]
	at com.mongodb.connection.DefaultServerMonitor$ServerMonitorRunnable.run(DefaultServerMonitor.java:114) ~[mongodb-driver-core-3.6.3.jar:na]
	at java.lang.Thread.run(Thread.java:745) [na:1.8.0_65]
Caused by: java.net.ConnectException: Connection refused
	at java.net.PlainSocketImpl.socketConnect(Native Method) ~[na:1.8.0_65]
	at java.net.AbstractPlainSocketImpl.doConnect(AbstractPlainSocketImpl.java:350) ~[na:1.8.0_65]
	at java.net.AbstractPlainSocketImpl.connectToAddress(AbstractPlainSocketImpl.java:206) ~[na:1.8.0_65]
	at java.net.AbstractPlainSocketImpl.connect(AbstractPlainSocketImpl.java:188) ~[na:1.8.0_65]
	at java.net.SocksSocketImpl.connect(SocksSocketImpl.java:392) ~[na:1.8.0_65]
	at java.net.Socket.connect(Socket.java:589) ~[na:1.8.0_65]
	at com.mongodb.connection.SocketStreamHelper.initialize(SocketStreamHelper.java:59) ~[mongodb-driver-core-3.6.3.jar:na]
	at com.mongodb.connection.SocketStream.open(SocketStream.java:57) ~[mongodb-driver-core-3.6.3.jar:na]
	... 3 common frames omitted

2018-10-11 07:29:36.070  INFO 62391 --- [cluster-ClusterId{value='5bbe2a2ddaf8b9f3b78b8495', description='null'}-mongodb-hhvm-024.ebi.ac.uk:27017] org.mongodb.driver.cluster               : Exception in monitor thread while connecting to server mongodb-hhvm-024.ebi.ac.uk:27017

com.mongodb.MongoSocketOpenException: Exception opening socket
	at com.mongodb.connection.SocketStream.open(SocketStream.java:62) ~[mongodb-driver-core-3.6.3.jar:na]
	at com.mongodb.connection.InternalStreamConnection.open(InternalStreamConnection.java:126) ~[mongodb-driver-core-3.6.3.jar:na]
	at com.mongodb.connection.DefaultServerMonitor$ServerMonitorRunnable.run(DefaultServerMonitor.java:114) ~[mongodb-driver-core-3.6.3.jar:na]
	at java.lang.Thread.run(Thread.java:745) [na:1.8.0_65]
Caused by: java.net.ConnectException: Connection refused
	at java.net.PlainSocketImpl.socketConnect(Native Method) ~[na:1.8.0_65]
	at java.net.AbstractPlainSocketImpl.doConnect(AbstractPlainSocketImpl.java:350) ~[na:1.8.0_65]
	at java.net.AbstractPlainSocketImpl.connectToAddress(AbstractPlainSocketImpl.java:206) ~[na:1.8.0_65]
	at java.net.AbstractPlainSocketImpl.connect(AbstractPlainSocketImpl.java:188) ~[na:1.8.0_65]
	at java.net.SocksSocketImpl.connect(SocksSocketImpl.java:392) ~[na:1.8.0_65]
	at java.net.Socket.connect(Socket.java:589) ~[na:1.8.0_65]
	at com.mongodb.connection.SocketStreamHelper.initialize(SocketStreamHelper.java:59) ~[mongodb-driver-core-3.6.3.jar:na]
	at com.mongodb.connection.SocketStream.open(SocketStream.java:57) ~[mongodb-driver-core-3.6.3.jar:na]
	... 3 common frames omitted

2018-10-11 07:57:21.242  INFO 62391 --- [cluster-ClusterId{value='5bbe2a2ddaf8b9f3b78b8495', description='null'}-mongoarb-hxvm-024.ebi.ac.uk:27017] org.mongodb.driver.cluster               : Exception in monitor thread while connecting to server mongoarb-hxvm-024.ebi.ac.uk:27017

com.mongodb.MongoSocketException: mongoarb-hxvm-024.ebi.ac.uk: unknown error
	at com.mongodb.ServerAddress.getSocketAddress(ServerAddress.java:188) ~[mongodb-driver-core-3.6.3.jar:na]
	at com.mongodb.connection.SocketStreamHelper.initialize(SocketStreamHelper.java:59) ~[mongodb-driver-core-3.6.3.jar:na]
	at com.mongodb.connection.SocketStream.open(SocketStream.java:57) ~[mongodb-driver-core-3.6.3.jar:na]
	at com.mongodb.connection.InternalStreamConnection.open(InternalStreamConnection.java:126) ~[mongodb-driver-core-3.6.3.jar:na]
	at com.mongodb.connection.DefaultServerMonitor$ServerMonitorRunnable.run(DefaultServerMonitor.java:114) ~[mongodb-driver-core-3.6.3.jar:na]
	at java.lang.Thread.run(Thread.java:745) [na:1.8.0_65]
Caused by: java.net.UnknownHostException: mongoarb-hxvm-024.ebi.ac.uk: unknown error
	at java.net.Inet6AddressImpl.lookupAllHostAddr(Native Method) ~[na:1.8.0_65]
	at java.net.InetAddress$2.lookupAllHostAddr(InetAddress.java:928) ~[na:1.8.0_65]
	at java.net.InetAddress.getAddressesFromNameService(InetAddress.java:1323) ~[na:1.8.0_65]
	at java.net.InetAddress.getAllByName0(InetAddress.java:1276) ~[na:1.8.0_65]
	at java.net.InetAddress.getAllByName(InetAddress.java:1192) ~[na:1.8.0_65]
	at java.net.InetAddress.getAllByName(InetAddress.java:1126) ~[na:1.8.0_65]
	at java.net.InetAddress.getByName(InetAddress.java:1076) ~[na:1.8.0_65]
	at com.mongodb.ServerAddress.getSocketAddress(ServerAddress.java:186) ~[mongodb-driver-core-3.6.3.jar:na]
	... 5 common frames omitted

2018-10-11 07:57:22.333  INFO 62391 --- [cluster-ClusterId{value='5bbe2a2ddaf8b9f3b78b8495', description='null'}-mongodb-hhvm-024.ebi.ac.uk:27017] org.mongodb.driver.cluster               : Exception in monitor thread while connecting to server mongodb-hhvm-024.ebi.ac.uk:27017

com.mongodb.MongoSocketException: mongodb-hhvm-024.ebi.ac.uk: unknown error
	at com.mongodb.ServerAddress.getSocketAddress(ServerAddress.java:188) ~[mongodb-driver-core-3.6.3.jar:na]
	at com.mongodb.connection.SocketStreamHelper.initialize(SocketStreamHelper.java:59) ~[mongodb-driver-core-3.6.3.jar:na]
	at com.mongodb.connection.SocketStream.open(SocketStream.java:57) ~[mongodb-driver-core-3.6.3.jar:na]
	at com.mongodb.connection.InternalStreamConnection.open(InternalStreamConnection.java:126) ~[mongodb-driver-core-3.6.3.jar:na]
	at com.mongodb.connection.DefaultServerMonitor$ServerMonitorRunnable.run(DefaultServerMonitor.java:114) ~[mongodb-driver-core-3.6.3.jar:na]
	at java.lang.Thread.run(Thread.java:745) [na:1.8.0_65]
Caused by: java.net.UnknownHostException: mongodb-hhvm-024.ebi.ac.uk: unknown error
	at java.net.Inet6AddressImpl.lookupAllHostAddr(Native Method) ~[na:1.8.0_65]
	at java.net.InetAddress$2.lookupAllHostAddr(InetAddress.java:928) ~[na:1.8.0_65]
	at java.net.InetAddress.getAddressesFromNameService(InetAddress.java:1323) ~[na:1.8.0_65]
	at java.net.InetAddress.getAllByName0(InetAddress.java:1276) ~[na:1.8.0_65]
	at java.net.InetAddress.getAllByName(InetAddress.java:1192) ~[na:1.8.0_65]
	at java.net.InetAddress.getAllByName(InetAddress.java:1126) ~[na:1.8.0_65]
	at java.net.InetAddress.getByName(InetAddress.java:1076) ~[na:1.8.0_65]
	at com.mongodb.ServerAddress.getSocketAddress(ServerAddress.java:186) ~[mongodb-driver-core-3.6.3.jar:na]
	... 5 common frames omitted

2018-10-11 07:57:25.982  INFO 62391 --- [cluster-ClusterId{value='5bbe2a2ddaf8b9f3b78b8495', description='null'}-mongodb-hxvm-025.ebi.ac.uk:27017] org.mongodb.driver.cluster               : Exception in monitor thread while connecting to server mongodb-hxvm-025.ebi.ac.uk:27017

com.mongodb.MongoSocketException: mongodb-hxvm-025.ebi.ac.uk: unknown error
	at com.mongodb.ServerAddress.getSocketAddress(ServerAddress.java:188) ~[mongodb-driver-core-3.6.3.jar:na]
	at com.mongodb.connection.SocketStreamHelper.initialize(SocketStreamHelper.java:59) ~[mongodb-driver-core-3.6.3.jar:na]
	at com.mongodb.connection.SocketStream.open(SocketStream.java:57) ~[mongodb-driver-core-3.6.3.jar:na]
	at com.mongodb.connection.InternalStreamConnection.open(InternalStreamConnection.java:126) ~[mongodb-driver-core-3.6.3.jar:na]
	at com.mongodb.connection.DefaultServerMonitor$ServerMonitorRunnable.run(DefaultServerMonitor.java:114) ~[mongodb-driver-core-3.6.3.jar:na]
	at java.lang.Thread.run(Thread.java:745) [na:1.8.0_65]
Caused by: java.net.UnknownHostException: mongodb-hxvm-025.ebi.ac.uk: unknown error
	at java.net.Inet6AddressImpl.lookupAllHostAddr(Native Method) ~[na:1.8.0_65]
	at java.net.InetAddress$2.lookupAllHostAddr(InetAddress.java:928) ~[na:1.8.0_65]
	at java.net.InetAddress.getAddressesFromNameService(InetAddress.java:1323) ~[na:1.8.0_65]
	at java.net.InetAddress.getAllByName0(InetAddress.java:1276) ~[na:1.8.0_65]
	at java.net.InetAddress.getAllByName(InetAddress.java:1192) ~[na:1.8.0_65]
	at java.net.InetAddress.getAllByName(InetAddress.java:1126) ~[na:1.8.0_65]
	at java.net.InetAddress.getByName(InetAddress.java:1076) ~[na:1.8.0_65]
	at com.mongodb.ServerAddress.getSocketAddress(ServerAddress.java:186) ~[mongodb-driver-core-3.6.3.jar:na]
	... 5 common frames omitted

2018-10-11 08:14:30.619  INFO 62391 --- [cluster-ClusterId{value='5bbe2a2ddaf8b9f3b78b8495', description='null'}-mongodb-hxvm-025.ebi.ac.uk:27017] org.mongodb.driver.cluster               : Exception in monitor thread while connecting to server mongodb-hxvm-025.ebi.ac.uk:27017

com.mongodb.MongoSocketOpenException: Exception opening socket
	at com.mongodb.connection.SocketStream.open(SocketStream.java:62) ~[mongodb-driver-core-3.6.3.jar:na]
	at com.mongodb.connection.InternalStreamConnection.open(InternalStreamConnection.java:126) ~[mongodb-driver-core-3.6.3.jar:na]
	at com.mongodb.connection.DefaultServerMonitor$ServerMonitorRunnable.run(DefaultServerMonitor.java:114) ~[mongodb-driver-core-3.6.3.jar:na]
	at java.lang.Thread.run(Thread.java:745) [na:1.8.0_65]
Caused by: java.net.SocketTimeoutException: connect timed out
	at java.net.PlainSocketImpl.socketConnect(Native Method) ~[na:1.8.0_65]
	at java.net.AbstractPlainSocketImpl.doConnect(AbstractPlainSocketImpl.java:350) ~[na:1.8.0_65]
	at java.net.AbstractPlainSocketImpl.connectToAddress(AbstractPlainSocketImpl.java:206) ~[na:1.8.0_65]
	at java.net.AbstractPlainSocketImpl.connect(AbstractPlainSocketImpl.java:188) ~[na:1.8.0_65]
	at java.net.SocksSocketImpl.connect(SocksSocketImpl.java:392) ~[na:1.8.0_65]
	at java.net.Socket.connect(Socket.java:589) ~[na:1.8.0_65]
	at com.mongodb.connection.SocketStreamHelper.initialize(SocketStreamHelper.java:59) ~[mongodb-driver-core-3.6.3.jar:na]
	at com.mongodb.connection.SocketStream.open(SocketStream.java:57) ~[mongodb-driver-core-3.6.3.jar:na]
	... 3 common frames omitted

2018-10-11 08:14:30.632  INFO 62391 --- [cluster-ClusterId{value='5bbe2a2ddaf8b9f3b78b8495', description='null'}-mongoarb-hxvm-024.ebi.ac.uk:27017] org.mongodb.driver.cluster               : Exception in monitor thread while connecting to server mongoarb-hxvm-024.ebi.ac.uk:27017

com.mongodb.MongoSocketOpenException: Exception opening socket
	at com.mongodb.connection.SocketStream.open(SocketStream.java:62) ~[mongodb-driver-core-3.6.3.jar:na]
	at com.mongodb.connection.InternalStreamConnection.open(InternalStreamConnection.java:126) ~[mongodb-driver-core-3.6.3.jar:na]
	at com.mongodb.connection.DefaultServerMonitor$ServerMonitorRunnable.run(DefaultServerMonitor.java:114) ~[mongodb-driver-core-3.6.3.jar:na]
	at java.lang.Thread.run(Thread.java:745) [na:1.8.0_65]
Caused by: java.net.SocketTimeoutException: connect timed out
	at java.net.PlainSocketImpl.socketConnect(Native Method) ~[na:1.8.0_65]
	at java.net.AbstractPlainSocketImpl.doConnect(AbstractPlainSocketImpl.java:350) ~[na:1.8.0_65]
	at java.net.AbstractPlainSocketImpl.connectToAddress(AbstractPlainSocketImpl.java:206) ~[na:1.8.0_65]
	at java.net.AbstractPlainSocketImpl.connect(AbstractPlainSocketImpl.java:188) ~[na:1.8.0_65]
	at java.net.SocksSocketImpl.connect(SocksSocketImpl.java:392) ~[na:1.8.0_65]
	at java.net.Socket.connect(Socket.java:589) ~[na:1.8.0_65]
	at com.mongodb.connection.SocketStreamHelper.initialize(SocketStreamHelper.java:59) ~[mongodb-driver-core-3.6.3.jar:na]
	at com.mongodb.connection.SocketStream.open(SocketStream.java:57) ~[mongodb-driver-core-3.6.3.jar:na]
	... 3 common frames omitted

2018-10-11 08:14:30.633  INFO 62391 --- [cluster-ClusterId{value='5bbe2a2ddaf8b9f3b78b8495', description='null'}-mongodb-hhvm-024.ebi.ac.uk:27017] org.mongodb.driver.cluster               : Exception in monitor thread while connecting to server mongodb-hhvm-024.ebi.ac.uk:27017

com.mongodb.MongoSocketOpenException: Exception opening socket
	at com.mongodb.connection.SocketStream.open(SocketStream.java:62) ~[mongodb-driver-core-3.6.3.jar:na]
	at com.mongodb.connection.InternalStreamConnection.open(InternalStreamConnection.java:126) ~[mongodb-driver-core-3.6.3.jar:na]
	at com.mongodb.connection.DefaultServerMonitor$ServerMonitorRunnable.run(DefaultServerMonitor.java:114) ~[mongodb-driver-core-3.6.3.jar:na]
	at java.lang.Thread.run(Thread.java:745) [na:1.8.0_65]
Caused by: java.net.SocketTimeoutException: connect timed out
	at java.net.PlainSocketImpl.socketConnect(Native Method) ~[na:1.8.0_65]
	at java.net.AbstractPlainSocketImpl.doConnect(AbstractPlainSocketImpl.java:350) ~[na:1.8.0_65]
	at java.net.AbstractPlainSocketImpl.connectToAddress(AbstractPlainSocketImpl.java:206) ~[na:1.8.0_65]
	at java.net.AbstractPlainSocketImpl.connect(AbstractPlainSocketImpl.java:188) ~[na:1.8.0_65]
	at java.net.SocksSocketImpl.connect(SocksSocketImpl.java:392) ~[na:1.8.0_65]
	at java.net.Socket.connect(Socket.java:589) ~[na:1.8.0_65]
	at com.mongodb.connection.SocketStreamHelper.initialize(SocketStreamHelper.java:59) ~[mongodb-driver-core-3.6.3.jar:na]
	at com.mongodb.connection.SocketStream.open(SocketStream.java:57) ~[mongodb-driver-core-3.6.3.jar:na]
	... 3 common frames omitted

